{"/home/steve/Desktop/frontEndWebsite/website/api/user/users.controller.js":{"path":"/home/steve/Desktop/frontEndWebsite/website/api/user/users.controller.js","s":{"1":1,"2":1,"3":1,"4":1,"5":0,"6":1,"7":0,"8":0,"9":0,"10":0,"11":1,"12":2,"13":0,"14":2,"15":2,"16":2,"17":0,"18":2,"19":1,"20":3,"21":3,"22":0,"23":3,"24":1,"25":2,"26":2,"27":1,"28":1,"29":1,"30":0,"31":1,"32":1,"33":1,"34":0,"35":0,"36":0,"37":0},"b":{"1":[0,0],"2":[0,2],"3":[2,2],"4":[0,2],"5":[0,3],"6":[1,2],"7":[1,1],"8":[2,1],"9":[0,1],"10":[0,0]},"f":{"1":0,"2":0,"3":0,"4":2,"5":2,"6":3,"7":3,"8":2,"9":0,"10":0},"fnMap":{"1":{"name":"handleError","line":7,"loc":{"start":{"line":7,"column":2},"end":{"line":7,"column":33}}},"2":{"name":"(anonymous_2)","line":12,"loc":{"start":{"line":12,"column":18},"end":{"line":12,"column":37}}},"3":{"name":"(anonymous_3)","line":13,"loc":{"start":{"line":13,"column":16},"end":{"line":13,"column":37}}},"4":{"name":"(anonymous_4)","line":22,"loc":{"start":{"line":22,"column":19},"end":{"line":22,"column":38}}},"5":{"name":"(anonymous_5)","line":32,"loc":{"start":{"line":32,"column":23},"end":{"line":32,"column":37}}},"6":{"name":"(anonymous_6)","line":42,"loc":{"start":{"line":42,"column":18},"end":{"line":42,"column":37}}},"7":{"name":"(anonymous_7)","line":46,"loc":{"start":{"line":46,"column":9},"end":{"line":46,"column":29}}},"8":{"name":"(anonymous_8)","line":53,"loc":{"start":{"line":53,"column":54},"end":{"line":53,"column":77}}},"9":{"name":"(anonymous_9)","line":77,"loc":{"start":{"line":77,"column":20},"end":{"line":77,"column":39}}},"10":{"name":"(anonymous_10)","line":79,"loc":{"start":{"line":79,"column":42},"end":{"line":79,"column":56}}}},"statementMap":{"1":{"start":{"line":1,"column":2},"end":{"line":1,"column":37}},"2":{"start":{"line":2,"column":2},"end":{"line":2,"column":34}},"3":{"start":{"line":3,"column":2},"end":{"line":3,"column":50}},"4":{"start":{"line":7,"column":2},"end":{"line":9,"column":3}},"5":{"start":{"line":8,"column":6},"end":{"line":8,"column":32}},"6":{"start":{"line":12,"column":2},"end":{"line":19,"column":4}},"7":{"start":{"line":13,"column":6},"end":{"line":18,"column":9}},"8":{"start":{"line":14,"column":10},"end":{"line":16,"column":11}},"9":{"start":{"line":15,"column":14},"end":{"line":15,"column":43}},"10":{"start":{"line":17,"column":10},"end":{"line":17,"column":45}},"11":{"start":{"line":22,"column":2},"end":{"line":39,"column":4}},"12":{"start":{"line":23,"column":6},"end":{"line":38,"column":7}},"13":{"start":{"line":24,"column":10},"end":{"line":24,"column":97}},"14":{"start":{"line":26,"column":10},"end":{"line":30,"column":13}},"15":{"start":{"line":32,"column":10},"end":{"line":37,"column":13}},"16":{"start":{"line":33,"column":14},"end":{"line":35,"column":15}},"17":{"start":{"line":34,"column":18},"end":{"line":34,"column":51}},"18":{"start":{"line":36,"column":14},"end":{"line":36,"column":98}},"19":{"start":{"line":42,"column":2},"end":{"line":72,"column":4}},"20":{"start":{"line":44,"column":6},"end":{"line":69,"column":8}},"21":{"start":{"line":47,"column":10},"end":{"line":47,"column":29}},"22":{"start":{"line":47,"column":19},"end":{"line":47,"column":29}},"23":{"start":{"line":49,"column":10},"end":{"line":68,"column":11}},"24":{"start":{"line":50,"column":14},"end":{"line":50,"column":90}},"25":{"start":{"line":53,"column":14},"end":{"line":67,"column":17}},"26":{"start":{"line":54,"column":18},"end":{"line":66,"column":19}},"27":{"start":{"line":56,"column":22},"end":{"line":56,"column":66}},"28":{"start":{"line":58,"column":22},"end":{"line":58,"column":49}},"29":{"start":{"line":59,"column":22},"end":{"line":63,"column":23}},"30":{"start":{"line":60,"column":26},"end":{"line":60,"column":102}},"31":{"start":{"line":62,"column":26},"end":{"line":62,"column":77}},"32":{"start":{"line":65,"column":22},"end":{"line":65,"column":98}},"33":{"start":{"line":77,"column":2},"end":{"line":84,"column":4}},"34":{"start":{"line":78,"column":6},"end":{"line":78,"column":32}},"35":{"start":{"line":79,"column":6},"end":{"line":83,"column":8}},"36":{"start":{"line":80,"column":10},"end":{"line":82,"column":11}},"37":{"start":{"line":81,"column":14},"end":{"line":81,"column":43}}},"branchMap":{"1":{"line":14,"type":"if","locations":[{"start":{"line":14,"column":10},"end":{"line":14,"column":10}},{"start":{"line":14,"column":10},"end":{"line":14,"column":10}}]},"2":{"line":23,"type":"if","locations":[{"start":{"line":23,"column":6},"end":{"line":23,"column":6}},{"start":{"line":23,"column":6},"end":{"line":23,"column":6}}]},"3":{"line":23,"type":"binary-expr","locations":[{"start":{"line":23,"column":10},"end":{"line":23,"column":25}},{"start":{"line":23,"column":29},"end":{"line":23,"column":47}}]},"4":{"line":33,"type":"if","locations":[{"start":{"line":33,"column":14},"end":{"line":33,"column":14}},{"start":{"line":33,"column":14},"end":{"line":33,"column":14}}]},"5":{"line":47,"type":"if","locations":[{"start":{"line":47,"column":10},"end":{"line":47,"column":10}},{"start":{"line":47,"column":10},"end":{"line":47,"column":10}}]},"6":{"line":49,"type":"if","locations":[{"start":{"line":49,"column":10},"end":{"line":49,"column":10}},{"start":{"line":49,"column":10},"end":{"line":49,"column":10}}]},"7":{"line":54,"type":"if","locations":[{"start":{"line":54,"column":18},"end":{"line":54,"column":18}},{"start":{"line":54,"column":18},"end":{"line":54,"column":18}}]},"8":{"line":54,"type":"binary-expr","locations":[{"start":{"line":54,"column":22},"end":{"line":54,"column":29}},{"start":{"line":54,"column":33},"end":{"line":54,"column":37}}]},"9":{"line":59,"type":"if","locations":[{"start":{"line":59,"column":22},"end":{"line":59,"column":22}},{"start":{"line":59,"column":22},"end":{"line":59,"column":22}}]},"10":{"line":80,"type":"if","locations":[{"start":{"line":80,"column":10},"end":{"line":80,"column":10}},{"start":{"line":80,"column":10},"end":{"line":80,"column":10}}]}}},"/home/steve/Desktop/frontEndWebsite/website/api/user/user.model.js":{"path":"/home/steve/Desktop/frontEndWebsite/website/api/user/user.model.js","s":{"1":1,"2":1,"3":1,"4":1,"5":1,"6":1,"7":1,"8":2,"9":2,"10":2,"11":2,"12":0,"13":2,"14":2,"15":0,"16":2,"17":2,"18":0,"19":1,"20":2,"21":2,"22":0,"23":2,"24":1},"b":{"1":[2,0],"2":[2,0],"3":[0,2],"4":[0,2],"5":[0,2]},"f":{"1":2,"2":2,"3":2,"4":2,"5":2},"fnMap":{"1":{"name":"(anonymous_1)","line":15,"loc":{"start":{"line":15,"column":23},"end":{"line":15,"column":39}}},"2":{"name":"(anonymous_2)","line":18,"loc":{"start":{"line":18,"column":27},"end":{"line":18,"column":48}}},"3":{"name":"(anonymous_3)","line":22,"loc":{"start":{"line":22,"column":45},"end":{"line":22,"column":66}}},"4":{"name":"(anonymous_4)","line":35,"loc":{"start":{"line":35,"column":37},"end":{"line":35,"column":58}}},"5":{"name":"(anonymous_5)","line":36,"loc":{"start":{"line":36,"column":41},"end":{"line":36,"column":65}}}},"statementMap":{"1":{"start":{"line":1,"column":0},"end":{"line":1,"column":34}},"2":{"start":{"line":2,"column":0},"end":{"line":2,"column":29}},"3":{"start":{"line":3,"column":0},"end":{"line":3,"column":31}},"4":{"start":{"line":5,"column":0},"end":{"line":5,"column":34}},"5":{"start":{"line":7,"column":0},"end":{"line":11,"column":7}},"6":{"start":{"line":13,"column":0},"end":{"line":13,"column":53}},"7":{"start":{"line":15,"column":0},"end":{"line":33,"column":3}},"8":{"start":{"line":16,"column":4},"end":{"line":16,"column":20}},"9":{"start":{"line":17,"column":4},"end":{"line":32,"column":5}},"10":{"start":{"line":18,"column":8},"end":{"line":29,"column":11}},"11":{"start":{"line":19,"column":12},"end":{"line":21,"column":13}},"12":{"start":{"line":20,"column":16},"end":{"line":20,"column":33}},"13":{"start":{"line":22,"column":12},"end":{"line":28,"column":15}},"14":{"start":{"line":23,"column":16},"end":{"line":25,"column":17}},"15":{"start":{"line":24,"column":20},"end":{"line":24,"column":37}},"16":{"start":{"line":26,"column":16},"end":{"line":26,"column":37}},"17":{"start":{"line":27,"column":16},"end":{"line":27,"column":23}},"18":{"start":{"line":31,"column":8},"end":{"line":31,"column":22}},"19":{"start":{"line":35,"column":0},"end":{"line":42,"column":2}},"20":{"start":{"line":36,"column":4},"end":{"line":41,"column":7}},"21":{"start":{"line":37,"column":8},"end":{"line":39,"column":9}},"22":{"start":{"line":38,"column":12},"end":{"line":38,"column":27}},"23":{"start":{"line":40,"column":8},"end":{"line":40,"column":26}},"24":{"start":{"line":44,"column":0},"end":{"line":44,"column":52}}},"branchMap":{"1":{"line":17,"type":"if","locations":[{"start":{"line":17,"column":4},"end":{"line":17,"column":4}},{"start":{"line":17,"column":4},"end":{"line":17,"column":4}}]},"2":{"line":17,"type":"binary-expr","locations":[{"start":{"line":17,"column":8},"end":{"line":17,"column":35}},{"start":{"line":17,"column":39},"end":{"line":17,"column":49}}]},"3":{"line":19,"type":"if","locations":[{"start":{"line":19,"column":12},"end":{"line":19,"column":12}},{"start":{"line":19,"column":12},"end":{"line":19,"column":12}}]},"4":{"line":23,"type":"if","locations":[{"start":{"line":23,"column":16},"end":{"line":23,"column":16}},{"start":{"line":23,"column":16},"end":{"line":23,"column":16}}]},"5":{"line":37,"type":"if","locations":[{"start":{"line":37,"column":8},"end":{"line":37,"column":8}},{"start":{"line":37,"column":8},"end":{"line":37,"column":8}}]}}},"/home/steve/Desktop/frontEndWebsite/website/config/database.js":{"path":"/home/steve/Desktop/frontEndWebsite/website/config/database.js","s":{"1":1},"b":{},"f":{},"fnMap":{},"statementMap":{"1":{"start":{"line":1,"column":0},"end":{"line":4,"column":2}}},"branchMap":{}},"/home/steve/Desktop/frontEndWebsite/website/api/event/events.controller.js":{"path":"/home/steve/Desktop/frontEndWebsite/website/api/event/events.controller.js","s":{"1":1,"2":1,"3":1,"4":1,"5":1,"6":1,"7":1,"8":1,"9":3,"10":3,"11":2,"12":2,"13":2,"14":3,"15":3,"16":0,"17":0,"18":0,"19":0,"20":0,"21":0,"22":2,"23":0,"24":2,"25":1,"26":3,"27":3,"28":2,"29":2,"30":2,"31":1,"32":1,"33":1,"34":3,"35":3,"36":3,"37":3,"38":3,"39":0,"40":3,"41":5,"42":4,"43":1,"44":5,"45":2,"46":3,"47":1,"48":0,"49":0,"50":0,"51":1,"52":3,"53":3,"54":1,"55":1,"56":1,"57":0,"58":1,"59":1,"60":2,"61":2,"62":0,"63":2,"64":1,"65":1,"66":1,"67":3,"68":3,"69":2,"70":2,"71":0,"72":2,"73":1,"74":1,"75":1,"76":3,"77":3,"78":2,"79":2,"80":0,"81":2,"82":1,"83":1,"84":1,"85":0,"86":0,"87":0,"88":0,"89":0,"90":0,"91":1,"92":2,"93":2,"94":1,"95":1,"96":0,"97":1},"b":{"1":[3,0],"2":[0,0],"3":[0,0],"4":[0,2],"5":[1,1],"6":[0,3],"7":[1,3],"8":[2,3],"9":[0,0],"10":[0,1],"11":[0,2],"12":[1,1],"13":[0,2],"14":[1,1],"15":[0,2],"16":[1,1],"17":[0,0],"18":[0,1]},"f":{"1":1,"2":3,"3":2,"4":3,"5":0,"6":0,"7":3,"8":2,"9":3,"10":3,"11":5,"12":4,"13":0,"14":0,"15":3,"16":1,"17":2,"18":2,"19":3,"20":2,"21":3,"22":2,"23":0,"24":0,"25":2,"26":1},"fnMap":{"1":{"name":"handleError","line":9,"loc":{"start":{"line":9,"column":0},"end":{"line":9,"column":31}}},"2":{"name":"(anonymous_2)","line":14,"loc":{"start":{"line":14,"column":16},"end":{"line":14,"column":35}}},"3":{"name":"(anonymous_3)","line":19,"loc":{"start":{"line":19,"column":50},"end":{"line":19,"column":72}}},"4":{"name":"(anonymous_4)","line":21,"loc":{"start":{"line":21,"column":23},"end":{"line":21,"column":39}}},"5":{"name":"(anonymous_5)","line":25,"loc":{"start":{"line":25,"column":40},"end":{"line":25,"column":59}}},"6":{"name":"(anonymous_6)","line":26,"loc":{"start":{"line":26,"column":47},"end":{"line":26,"column":64}}},"7":{"name":"(anonymous_7)","line":46,"loc":{"start":{"line":46,"column":17},"end":{"line":46,"column":36}}},"8":{"name":"(anonymous_8)","line":66,"loc":{"start":{"line":66,"column":24},"end":{"line":66,"column":45}}},"9":{"name":"(anonymous_9)","line":83,"loc":{"start":{"line":83,"column":19},"end":{"line":83,"column":38}}},"10":{"name":"(anonymous_10)","line":91,"loc":{"start":{"line":91,"column":50},"end":{"line":91,"column":72}}},"11":{"name":"(anonymous_11)","line":96,"loc":{"start":{"line":96,"column":23},"end":{"line":96,"column":39}}},"12":{"name":"(anonymous_12)","line":98,"loc":{"start":{"line":98,"column":36},"end":{"line":98,"column":53}}},"13":{"name":"(anonymous_13)","line":112,"loc":{"start":{"line":112,"column":18},"end":{"line":112,"column":37}}},"14":{"name":"(anonymous_14)","line":113,"loc":{"start":{"line":113,"column":41},"end":{"line":113,"column":55}}},"15":{"name":"(anonymous_15)","line":122,"loc":{"start":{"line":122,"column":20},"end":{"line":122,"column":39}}},"16":{"name":"(anonymous_16)","line":135,"loc":{"start":{"line":135,"column":8},"end":{"line":135,"column":22}}},"17":{"name":"(anonymous_17)","line":144,"loc":{"start":{"line":144,"column":15},"end":{"line":144,"column":34}}},"18":{"name":"(anonymous_18)","line":147,"loc":{"start":{"line":147,"column":40},"end":{"line":147,"column":60}}},"19":{"name":"(anonymous_19)","line":159,"loc":{"start":{"line":159,"column":22},"end":{"line":159,"column":41}}},"20":{"name":"(anonymous_20)","line":164,"loc":{"start":{"line":164,"column":8},"end":{"line":164,"column":29}}},"21":{"name":"(anonymous_21)","line":176,"loc":{"start":{"line":176,"column":27},"end":{"line":176,"column":46}}},"22":{"name":"(anonymous_22)","line":180,"loc":{"start":{"line":180,"column":8},"end":{"line":180,"column":29}}},"23":{"name":"(anonymous_23)","line":191,"loc":{"start":{"line":191,"column":21},"end":{"line":191,"column":40}}},"24":{"name":"(anonymous_24)","line":195,"loc":{"start":{"line":195,"column":8},"end":{"line":195,"column":22}}},"25":{"name":"(anonymous_25)","line":203,"loc":{"start":{"line":203,"column":24},"end":{"line":203,"column":43}}},"26":{"name":"(anonymous_26)","line":208,"loc":{"start":{"line":208,"column":8},"end":{"line":208,"column":30}}}},"statementMap":{"1":{"start":{"line":1,"column":0},"end":{"line":1,"column":37}},"2":{"start":{"line":2,"column":0},"end":{"line":2,"column":32}},"3":{"start":{"line":3,"column":0},"end":{"line":3,"column":48}},"4":{"start":{"line":4,"column":0},"end":{"line":4,"column":52}},"5":{"start":{"line":6,"column":0},"end":{"line":6,"column":50}},"6":{"start":{"line":9,"column":0},"end":{"line":11,"column":1}},"7":{"start":{"line":10,"column":4},"end":{"line":10,"column":37}},"8":{"start":{"line":14,"column":0},"end":{"line":43,"column":2}},"9":{"start":{"line":15,"column":4},"end":{"line":15,"column":55}},"10":{"start":{"line":17,"column":4},"end":{"line":17,"column":51}},"11":{"start":{"line":19,"column":4},"end":{"line":42,"column":7}},"12":{"start":{"line":20,"column":8},"end":{"line":20,"column":26}},"13":{"start":{"line":21,"column":8},"end":{"line":36,"column":10}},"14":{"start":{"line":22,"column":12},"end":{"line":35,"column":13}},"15":{"start":{"line":23,"column":16},"end":{"line":23,"column":37}},"16":{"start":{"line":25,"column":16},"end":{"line":31,"column":18}},"17":{"start":{"line":26,"column":20},"end":{"line":30,"column":22}},"18":{"start":{"line":27,"column":24},"end":{"line":29,"column":25}},"19":{"start":{"line":28,"column":28},"end":{"line":28,"column":49}},"20":{"start":{"line":32,"column":16},"end":{"line":34,"column":17}},"21":{"start":{"line":33,"column":20},"end":{"line":33,"column":41}},"22":{"start":{"line":38,"column":8},"end":{"line":40,"column":9}},"23":{"start":{"line":39,"column":12},"end":{"line":39,"column":41}},"24":{"start":{"line":41,"column":8},"end":{"line":41,"column":47}},"25":{"start":{"line":46,"column":0},"end":{"line":72,"column":2}},"26":{"start":{"line":47,"column":4},"end":{"line":47,"column":55}},"27":{"start":{"line":48,"column":4},"end":{"line":48,"column":51}},"28":{"start":{"line":50,"column":4},"end":{"line":63,"column":6}},"29":{"start":{"line":66,"column":4},"end":{"line":71,"column":7}},"30":{"start":{"line":67,"column":8},"end":{"line":69,"column":9}},"31":{"start":{"line":68,"column":12},"end":{"line":68,"column":41}},"32":{"start":{"line":70,"column":8},"end":{"line":70,"column":43}},"33":{"start":{"line":83,"column":0},"end":{"line":110,"column":2}},"34":{"start":{"line":85,"column":4},"end":{"line":85,"column":55}},"35":{"start":{"line":87,"column":4},"end":{"line":87,"column":51}},"36":{"start":{"line":89,"column":4},"end":{"line":89,"column":25}},"37":{"start":{"line":91,"column":4},"end":{"line":108,"column":7}},"38":{"start":{"line":92,"column":8},"end":{"line":94,"column":9}},"39":{"start":{"line":93,"column":12},"end":{"line":93,"column":41}},"40":{"start":{"line":96,"column":8},"end":{"line":106,"column":10}},"41":{"start":{"line":98,"column":12},"end":{"line":102,"column":14}},"42":{"start":{"line":99,"column":16},"end":{"line":101,"column":17}},"43":{"start":{"line":100,"column":20},"end":{"line":100,"column":44}},"44":{"start":{"line":103,"column":12},"end":{"line":105,"column":13}},"45":{"start":{"line":104,"column":16},"end":{"line":104,"column":40}},"46":{"start":{"line":107,"column":8},"end":{"line":107,"column":50}},"47":{"start":{"line":112,"column":0},"end":{"line":118,"column":2}},"48":{"start":{"line":113,"column":4},"end":{"line":117,"column":6}},"49":{"start":{"line":114,"column":8},"end":{"line":116,"column":9}},"50":{"start":{"line":115,"column":12},"end":{"line":115,"column":41}},"51":{"start":{"line":122,"column":0},"end":{"line":142,"column":2}},"52":{"start":{"line":123,"column":4},"end":{"line":123,"column":55}},"53":{"start":{"line":125,"column":4},"end":{"line":125,"column":51}},"54":{"start":{"line":127,"column":4},"end":{"line":132,"column":6}},"55":{"start":{"line":134,"column":4},"end":{"line":140,"column":11}},"56":{"start":{"line":136,"column":12},"end":{"line":138,"column":13}},"57":{"start":{"line":137,"column":16},"end":{"line":137,"column":45}},"58":{"start":{"line":139,"column":12},"end":{"line":139,"column":75}},"59":{"start":{"line":144,"column":0},"end":{"line":155,"column":1}},"60":{"start":{"line":145,"column":4},"end":{"line":154,"column":6}},"61":{"start":{"line":148,"column":8},"end":{"line":148,"column":27}},"62":{"start":{"line":148,"column":17},"end":{"line":148,"column":27}},"63":{"start":{"line":149,"column":8},"end":{"line":153,"column":9}},"64":{"start":{"line":150,"column":12},"end":{"line":150,"column":80}},"65":{"start":{"line":152,"column":12},"end":{"line":152,"column":64}},"66":{"start":{"line":159,"column":0},"end":{"line":174,"column":2}},"67":{"start":{"line":160,"column":4},"end":{"line":160,"column":55}},"68":{"start":{"line":161,"column":4},"end":{"line":161,"column":51}},"69":{"start":{"line":163,"column":4},"end":{"line":172,"column":11}},"70":{"start":{"line":165,"column":12},"end":{"line":167,"column":13}},"71":{"start":{"line":166,"column":16},"end":{"line":166,"column":45}},"72":{"start":{"line":168,"column":12},"end":{"line":170,"column":13}},"73":{"start":{"line":169,"column":16},"end":{"line":169,"column":81}},"74":{"start":{"line":171,"column":12},"end":{"line":171,"column":85}},"75":{"start":{"line":176,"column":0},"end":{"line":189,"column":2}},"76":{"start":{"line":177,"column":4},"end":{"line":177,"column":55}},"77":{"start":{"line":178,"column":4},"end":{"line":178,"column":51}},"78":{"start":{"line":179,"column":4},"end":{"line":188,"column":11}},"79":{"start":{"line":181,"column":12},"end":{"line":183,"column":13}},"80":{"start":{"line":182,"column":16},"end":{"line":182,"column":45}},"81":{"start":{"line":184,"column":12},"end":{"line":186,"column":13}},"82":{"start":{"line":185,"column":16},"end":{"line":185,"column":81}},"83":{"start":{"line":187,"column":12},"end":{"line":187,"column":85}},"84":{"start":{"line":191,"column":0},"end":{"line":201,"column":2}},"85":{"start":{"line":192,"column":4},"end":{"line":192,"column":55}},"86":{"start":{"line":193,"column":4},"end":{"line":193,"column":51}},"87":{"start":{"line":194,"column":4},"end":{"line":200,"column":11}},"88":{"start":{"line":196,"column":12},"end":{"line":198,"column":13}},"89":{"start":{"line":197,"column":16},"end":{"line":197,"column":45}},"90":{"start":{"line":199,"column":12},"end":{"line":199,"column":85}},"91":{"start":{"line":203,"column":0},"end":{"line":214,"column":2}},"92":{"start":{"line":204,"column":4},"end":{"line":204,"column":55}},"93":{"start":{"line":205,"column":4},"end":{"line":205,"column":51}},"94":{"start":{"line":207,"column":4},"end":{"line":213,"column":11}},"95":{"start":{"line":209,"column":12},"end":{"line":211,"column":13}},"96":{"start":{"line":210,"column":16},"end":{"line":210,"column":45}},"97":{"start":{"line":212,"column":12},"end":{"line":212,"column":85}}},"branchMap":{"1":{"line":22,"type":"if","locations":[{"start":{"line":22,"column":12},"end":{"line":22,"column":12}},{"start":{"line":22,"column":12},"end":{"line":22,"column":12}}]},"2":{"line":27,"type":"if","locations":[{"start":{"line":27,"column":24},"end":{"line":27,"column":24}},{"start":{"line":27,"column":24},"end":{"line":27,"column":24}}]},"3":{"line":32,"type":"if","locations":[{"start":{"line":32,"column":16},"end":{"line":32,"column":16}},{"start":{"line":32,"column":16},"end":{"line":32,"column":16}}]},"4":{"line":38,"type":"if","locations":[{"start":{"line":38,"column":8},"end":{"line":38,"column":8}},{"start":{"line":38,"column":8},"end":{"line":38,"column":8}}]},"5":{"line":67,"type":"if","locations":[{"start":{"line":67,"column":8},"end":{"line":67,"column":8}},{"start":{"line":67,"column":8},"end":{"line":67,"column":8}}]},"6":{"line":92,"type":"if","locations":[{"start":{"line":92,"column":8},"end":{"line":92,"column":8}},{"start":{"line":92,"column":8},"end":{"line":92,"column":8}}]},"7":{"line":99,"type":"if","locations":[{"start":{"line":99,"column":16},"end":{"line":99,"column":16}},{"start":{"line":99,"column":16},"end":{"line":99,"column":16}}]},"8":{"line":103,"type":"if","locations":[{"start":{"line":103,"column":12},"end":{"line":103,"column":12}},{"start":{"line":103,"column":12},"end":{"line":103,"column":12}}]},"9":{"line":114,"type":"if","locations":[{"start":{"line":114,"column":8},"end":{"line":114,"column":8}},{"start":{"line":114,"column":8},"end":{"line":114,"column":8}}]},"10":{"line":136,"type":"if","locations":[{"start":{"line":136,"column":12},"end":{"line":136,"column":12}},{"start":{"line":136,"column":12},"end":{"line":136,"column":12}}]},"11":{"line":148,"type":"if","locations":[{"start":{"line":148,"column":8},"end":{"line":148,"column":8}},{"start":{"line":148,"column":8},"end":{"line":148,"column":8}}]},"12":{"line":149,"type":"if","locations":[{"start":{"line":149,"column":8},"end":{"line":149,"column":8}},{"start":{"line":149,"column":8},"end":{"line":149,"column":8}}]},"13":{"line":165,"type":"if","locations":[{"start":{"line":165,"column":12},"end":{"line":165,"column":12}},{"start":{"line":165,"column":12},"end":{"line":165,"column":12}}]},"14":{"line":168,"type":"if","locations":[{"start":{"line":168,"column":12},"end":{"line":168,"column":12}},{"start":{"line":168,"column":12},"end":{"line":168,"column":12}}]},"15":{"line":181,"type":"if","locations":[{"start":{"line":181,"column":12},"end":{"line":181,"column":12}},{"start":{"line":181,"column":12},"end":{"line":181,"column":12}}]},"16":{"line":184,"type":"if","locations":[{"start":{"line":184,"column":12},"end":{"line":184,"column":12}},{"start":{"line":184,"column":12},"end":{"line":184,"column":12}}]},"17":{"line":196,"type":"if","locations":[{"start":{"line":196,"column":12},"end":{"line":196,"column":12}},{"start":{"line":196,"column":12},"end":{"line":196,"column":12}}]},"18":{"line":209,"type":"if","locations":[{"start":{"line":209,"column":12},"end":{"line":209,"column":12}},{"start":{"line":209,"column":12},"end":{"line":209,"column":12}}]}}},"/home/steve/Desktop/frontEndWebsite/website/api/event/event.model.js":{"path":"/home/steve/Desktop/frontEndWebsite/website/api/event/event.model.js","s":{"1":1,"2":1,"3":1,"4":1,"5":1,"6":1},"b":{},"f":{},"fnMap":{},"statementMap":{"1":{"start":{"line":1,"column":4},"end":{"line":1,"column":38}},"2":{"start":{"line":2,"column":4},"end":{"line":2,"column":33}},"3":{"start":{"line":3,"column":4},"end":{"line":3,"column":38}},"4":{"start":{"line":5,"column":4},"end":{"line":10,"column":7}},"5":{"start":{"line":12,"column":4},"end":{"line":25,"column":7}},"6":{"start":{"line":27,"column":4},"end":{"line":27,"column":59}}},"branchMap":{}},"/home/steve/Desktop/frontEndWebsite/website/api/picture/picture.model.js":{"path":"/home/steve/Desktop/frontEndWebsite/website/api/picture/picture.model.js","s":{"1":1,"2":1,"3":1,"4":1,"5":1,"6":1},"b":{},"f":{},"fnMap":{},"statementMap":{"1":{"start":{"line":1,"column":0},"end":{"line":1,"column":34}},"2":{"start":{"line":2,"column":0},"end":{"line":2,"column":29}},"3":{"start":{"line":4,"column":0},"end":{"line":4,"column":34}},"4":{"start":{"line":6,"column":0},"end":{"line":8,"column":3}},"5":{"start":{"line":10,"column":0},"end":{"line":19,"column":3}},"6":{"start":{"line":21,"column":0},"end":{"line":21,"column":59}}},"branchMap":{}},"/home/steve/Desktop/frontEndWebsite/website/api/picture/pictures.controller.js":{"path":"/home/steve/Desktop/frontEndWebsite/website/api/picture/pictures.controller.js","s":{"1":1,"2":1,"3":1,"4":1,"5":3,"6":1,"7":2,"8":2,"9":1,"10":1,"11":0,"12":1,"13":1,"14":3,"15":3,"16":2,"17":2,"18":0,"19":2,"20":1,"21":1,"22":1,"23":0,"24":0,"25":0,"26":1,"27":4,"28":4,"29":2,"30":0,"31":2,"32":2,"33":1,"34":1,"35":1,"36":0,"37":1,"38":1,"39":3,"40":3,"41":2,"42":2,"43":0,"44":2,"45":1,"46":1,"47":0,"48":1},"b":{"1":[0,1],"2":[0,2],"3":[1,1],"4":[0,0],"5":[0,2],"6":[1,1],"7":[0,1],"8":[0,2],"9":[1,1],"10":[0,1]},"f":{"1":3,"2":2,"3":1,"4":3,"5":2,"6":0,"7":0,"8":4,"9":2,"10":1,"11":3,"12":2},"fnMap":{"1":{"name":"handleError","line":5,"loc":{"start":{"line":5,"column":2},"end":{"line":5,"column":33}}},"2":{"name":"(anonymous_2)","line":10,"loc":{"start":{"line":10,"column":26},"end":{"line":10,"column":45}}},"3":{"name":"(anonymous_3)","line":14,"loc":{"start":{"line":14,"column":43},"end":{"line":14,"column":63}}},"4":{"name":"(anonymous_4)","line":22,"loc":{"start":{"line":22,"column":23},"end":{"line":22,"column":42}}},"5":{"name":"(anonymous_5)","line":25,"loc":{"start":{"line":25,"column":43},"end":{"line":25,"column":66}}},"6":{"name":"(anonymous_6)","line":38,"loc":{"start":{"line":38,"column":20},"end":{"line":38,"column":39}}},"7":{"name":"(anonymous_7)","line":39,"loc":{"start":{"line":39,"column":45},"end":{"line":39,"column":59}}},"8":{"name":"(anonymous_8)","line":46,"loc":{"start":{"line":46,"column":21},"end":{"line":46,"column":40}}},"9":{"name":"(anonymous_9)","line":57,"loc":{"start":{"line":57,"column":116},"end":{"line":57,"column":140}}},"10":{"name":"(anonymous_10)","line":61,"loc":{"start":{"line":61,"column":140},"end":{"line":61,"column":164}}},"11":{"name":"(anonymous_11)","line":76,"loc":{"start":{"line":76,"column":20},"end":{"line":76,"column":39}}},"12":{"name":"(anonymous_12)","line":79,"loc":{"start":{"line":79,"column":46},"end":{"line":79,"column":65}}}},"statementMap":{"1":{"start":{"line":1,"column":2},"end":{"line":1,"column":43}},"2":{"start":{"line":2,"column":2},"end":{"line":2,"column":34}},"3":{"start":{"line":3,"column":2},"end":{"line":3,"column":49}},"4":{"start":{"line":5,"column":2},"end":{"line":7,"column":3}},"5":{"start":{"line":6,"column":6},"end":{"line":6,"column":39}},"6":{"start":{"line":10,"column":2},"end":{"line":20,"column":4}},"7":{"start":{"line":12,"column":6},"end":{"line":12,"column":57}},"8":{"start":{"line":13,"column":6},"end":{"line":13,"column":53}},"9":{"start":{"line":14,"column":6},"end":{"line":19,"column":9}},"10":{"start":{"line":15,"column":10},"end":{"line":17,"column":11}},"11":{"start":{"line":16,"column":14},"end":{"line":16,"column":43}},"12":{"start":{"line":18,"column":10},"end":{"line":18,"column":44}},"13":{"start":{"line":22,"column":2},"end":{"line":36,"column":4}},"14":{"start":{"line":23,"column":6},"end":{"line":23,"column":57}},"15":{"start":{"line":24,"column":6},"end":{"line":24,"column":52}},"16":{"start":{"line":25,"column":6},"end":{"line":34,"column":8}},"17":{"start":{"line":26,"column":10},"end":{"line":33,"column":11}},"18":{"start":{"line":27,"column":14},"end":{"line":27,"column":43}},"19":{"start":{"line":28,"column":17},"end":{"line":33,"column":11}},"20":{"start":{"line":29,"column":14},"end":{"line":29,"column":58}},"21":{"start":{"line":32,"column":14},"end":{"line":32,"column":39}},"22":{"start":{"line":38,"column":2},"end":{"line":44,"column":4}},"23":{"start":{"line":39,"column":6},"end":{"line":43,"column":8}},"24":{"start":{"line":40,"column":10},"end":{"line":42,"column":11}},"25":{"start":{"line":41,"column":14},"end":{"line":41,"column":43}},"26":{"start":{"line":46,"column":2},"end":{"line":74,"column":3}},"27":{"start":{"line":48,"column":6},"end":{"line":48,"column":58}},"28":{"start":{"line":49,"column":6},"end":{"line":49,"column":53}},"29":{"start":{"line":50,"column":6},"end":{"line":72,"column":7}},"30":{"start":{"line":52,"column":10},"end":{"line":52,"column":52}},"31":{"start":{"line":57,"column":10},"end":{"line":71,"column":12}},"32":{"start":{"line":58,"column":14},"end":{"line":70,"column":15}},"33":{"start":{"line":59,"column":18},"end":{"line":59,"column":47}},"34":{"start":{"line":61,"column":18},"end":{"line":69,"column":20}},"35":{"start":{"line":62,"column":22},"end":{"line":67,"column":23}},"36":{"start":{"line":63,"column":26},"end":{"line":63,"column":55}},"37":{"start":{"line":66,"column":26},"end":{"line":66,"column":99}},"38":{"start":{"line":76,"column":2},"end":{"line":91,"column":3}},"39":{"start":{"line":77,"column":6},"end":{"line":77,"column":58}},"40":{"start":{"line":78,"column":6},"end":{"line":78,"column":53}},"41":{"start":{"line":79,"column":6},"end":{"line":90,"column":8}},"42":{"start":{"line":80,"column":10},"end":{"line":89,"column":11}},"43":{"start":{"line":81,"column":14},"end":{"line":81,"column":43}},"44":{"start":{"line":82,"column":17},"end":{"line":89,"column":11}},"45":{"start":{"line":83,"column":14},"end":{"line":83,"column":58}},"46":{"start":{"line":85,"column":14},"end":{"line":87,"column":15}},"47":{"start":{"line":86,"column":18},"end":{"line":86,"column":102}},"48":{"start":{"line":88,"column":14},"end":{"line":88,"column":46}}},"branchMap":{"1":{"line":15,"type":"if","locations":[{"start":{"line":15,"column":10},"end":{"line":15,"column":10}},{"start":{"line":15,"column":10},"end":{"line":15,"column":10}}]},"2":{"line":26,"type":"if","locations":[{"start":{"line":26,"column":10},"end":{"line":26,"column":10}},{"start":{"line":26,"column":10},"end":{"line":26,"column":10}}]},"3":{"line":28,"type":"if","locations":[{"start":{"line":28,"column":17},"end":{"line":28,"column":17}},{"start":{"line":28,"column":17},"end":{"line":28,"column":17}}]},"4":{"line":40,"type":"if","locations":[{"start":{"line":40,"column":10},"end":{"line":40,"column":10}},{"start":{"line":40,"column":10},"end":{"line":40,"column":10}}]},"5":{"line":50,"type":"if","locations":[{"start":{"line":50,"column":6},"end":{"line":50,"column":6}},{"start":{"line":50,"column":6},"end":{"line":50,"column":6}}]},"6":{"line":58,"type":"if","locations":[{"start":{"line":58,"column":14},"end":{"line":58,"column":14}},{"start":{"line":58,"column":14},"end":{"line":58,"column":14}}]},"7":{"line":62,"type":"if","locations":[{"start":{"line":62,"column":22},"end":{"line":62,"column":22}},{"start":{"line":62,"column":22},"end":{"line":62,"column":22}}]},"8":{"line":80,"type":"if","locations":[{"start":{"line":80,"column":10},"end":{"line":80,"column":10}},{"start":{"line":80,"column":10},"end":{"line":80,"column":10}}]},"9":{"line":82,"type":"if","locations":[{"start":{"line":82,"column":17},"end":{"line":82,"column":17}},{"start":{"line":82,"column":17},"end":{"line":82,"column":17}}]},"10":{"line":85,"type":"if","locations":[{"start":{"line":85,"column":14},"end":{"line":85,"column":14}},{"start":{"line":85,"column":14},"end":{"line":85,"column":14}}]}}},"/home/steve/Desktop/frontEndWebsite/website/routes.js":{"path":"/home/steve/Desktop/frontEndWebsite/website/routes.js","s":{"1":1,"2":1,"3":1,"4":1,"5":1,"6":1,"7":0},"b":{},"f":{"1":1,"2":0},"fnMap":{"1":{"name":"(anonymous_1)","line":1,"loc":{"start":{"line":1,"column":17},"end":{"line":1,"column":31}}},"2":{"name":"(anonymous_2)","line":11,"loc":{"start":{"line":11,"column":8},"end":{"line":11,"column":27}}}},"statementMap":{"1":{"start":{"line":1,"column":0},"end":{"line":15,"column":2}},"2":{"start":{"line":3,"column":2},"end":{"line":3,"column":53}},"3":{"start":{"line":4,"column":2},"end":{"line":4,"column":57}},"4":{"start":{"line":5,"column":2},"end":{"line":5,"column":55}},"5":{"start":{"line":6,"column":2},"end":{"line":6,"column":59}},"6":{"start":{"line":10,"column":2},"end":{"line":13,"column":4}},"7":{"start":{"line":12,"column":4},"end":{"line":12,"column":18}}},"branchMap":{}},"/home/steve/Desktop/frontEndWebsite/website/api/user/index.js":{"path":"/home/steve/Desktop/frontEndWebsite/website/api/user/index.js","s":{"1":1,"2":1,"3":1,"4":1,"5":1,"6":1,"7":1,"8":1},"b":{},"f":{},"fnMap":{},"statementMap":{"1":{"start":{"line":1,"column":2},"end":{"line":1,"column":35}},"2":{"start":{"line":2,"column":2},"end":{"line":2,"column":49}},"3":{"start":{"line":4,"column":2},"end":{"line":4,"column":32}},"4":{"start":{"line":6,"column":2},"end":{"line":6,"column":36}},"5":{"start":{"line":7,"column":2},"end":{"line":7,"column":53}},"6":{"start":{"line":9,"column":2},"end":{"line":9,"column":44}},"7":{"start":{"line":10,"column":2},"end":{"line":10,"column":42}},"8":{"start":{"line":14,"column":2},"end":{"line":14,"column":26}}},"branchMap":{}},"/home/steve/Desktop/frontEndWebsite/website/api/mobile/index.js":{"path":"/home/steve/Desktop/frontEndWebsite/website/api/mobile/index.js","s":{"1":1,"2":1,"3":1,"4":1,"5":1},"b":{},"f":{},"fnMap":{},"statementMap":{"1":{"start":{"line":1,"column":0},"end":{"line":1,"column":33}},"2":{"start":{"line":2,"column":0},"end":{"line":2,"column":48}},"3":{"start":{"line":4,"column":0},"end":{"line":4,"column":30}},"4":{"start":{"line":6,"column":0},"end":{"line":6,"column":45}},"5":{"start":{"line":8,"column":0},"end":{"line":8,"column":24}}},"branchMap":{}},"/home/steve/Desktop/frontEndWebsite/website/api/mobile/mobile.controller.js":{"path":"/home/steve/Desktop/frontEndWebsite/website/api/mobile/mobile.controller.js","s":{"1":1,"2":1,"3":1,"4":1,"5":0,"6":1,"7":0,"8":0,"9":0,"10":0},"b":{"1":[0,0]},"f":{"1":0,"2":0,"3":0},"fnMap":{"1":{"name":"handleError","line":6,"loc":{"start":{"line":6,"column":2},"end":{"line":6,"column":33}}},"2":{"name":"(anonymous_2)","line":11,"loc":{"start":{"line":11,"column":21},"end":{"line":11,"column":40}}},"3":{"name":"(anonymous_3)","line":12,"loc":{"start":{"line":12,"column":19},"end":{"line":12,"column":43}}}},"statementMap":{"1":{"start":{"line":1,"column":2},"end":{"line":1,"column":54}},"2":{"start":{"line":2,"column":2},"end":{"line":2,"column":48}},"3":{"start":{"line":3,"column":2},"end":{"line":3,"column":45}},"4":{"start":{"line":6,"column":2},"end":{"line":8,"column":3}},"5":{"start":{"line":7,"column":6},"end":{"line":7,"column":32}},"6":{"start":{"line":11,"column":2},"end":{"line":17,"column":4}},"7":{"start":{"line":12,"column":6},"end":{"line":16,"column":9}},"8":{"start":{"line":13,"column":10},"end":{"line":14,"column":45}},"9":{"start":{"line":14,"column":14},"end":{"line":14,"column":43}},"10":{"start":{"line":15,"column":10},"end":{"line":15,"column":41}}},"branchMap":{"1":{"line":13,"type":"if","locations":[{"start":{"line":13,"column":10},"end":{"line":13,"column":10}},{"start":{"line":13,"column":10},"end":{"line":13,"column":10}}]}}},"/home/steve/Desktop/frontEndWebsite/website/api/event/index.js":{"path":"/home/steve/Desktop/frontEndWebsite/website/api/event/index.js","s":{"1":1,"2":1,"3":1,"4":1,"5":1,"6":1,"7":1,"8":1,"9":1,"10":1,"11":1,"12":1,"13":1,"14":1,"15":1},"b":{},"f":{},"fnMap":{},"statementMap":{"1":{"start":{"line":1,"column":0},"end":{"line":1,"column":33}},"2":{"start":{"line":2,"column":0},"end":{"line":2,"column":48}},"3":{"start":{"line":4,"column":0},"end":{"line":4,"column":30}},"4":{"start":{"line":6,"column":0},"end":{"line":6,"column":34}},"5":{"start":{"line":7,"column":0},"end":{"line":7,"column":50}},"6":{"start":{"line":8,"column":0},"end":{"line":8,"column":42}},"7":{"start":{"line":9,"column":0},"end":{"line":9,"column":36}},"8":{"start":{"line":10,"column":0},"end":{"line":10,"column":57}},"9":{"start":{"line":11,"column":0},"end":{"line":11,"column":42}},"10":{"start":{"line":12,"column":0},"end":{"line":12,"column":50}},"11":{"start":{"line":13,"column":0},"end":{"line":13,"column":52}},"12":{"start":{"line":14,"column":0},"end":{"line":14,"column":62}},"13":{"start":{"line":15,"column":0},"end":{"line":15,"column":50}},"14":{"start":{"line":16,"column":0},"end":{"line":16,"column":56}},"15":{"start":{"line":21,"column":0},"end":{"line":21,"column":24}}},"branchMap":{}},"/home/steve/Desktop/frontEndWebsite/website/api/picture/index.js":{"path":"/home/steve/Desktop/frontEndWebsite/website/api/picture/index.js","s":{"1":1,"2":1,"3":1,"4":1,"5":1,"6":1,"7":1,"8":1,"9":1},"b":{},"f":{},"fnMap":{},"statementMap":{"1":{"start":{"line":1,"column":0},"end":{"line":1,"column":33}},"2":{"start":{"line":2,"column":0},"end":{"line":2,"column":50}},"3":{"start":{"line":4,"column":0},"end":{"line":4,"column":30}},"4":{"start":{"line":6,"column":0},"end":{"line":6,"column":42}},"5":{"start":{"line":7,"column":0},"end":{"line":7,"column":50}},"6":{"start":{"line":8,"column":0},"end":{"line":8,"column":42}},"7":{"start":{"line":9,"column":0},"end":{"line":9,"column":46}},"8":{"start":{"line":10,"column":0},"end":{"line":10,"column":44}},"9":{"start":{"line":13,"column":0},"end":{"line":13,"column":24}}},"branchMap":{}}}