TN:
SF:/home/steve/Desktop/frontEndWebsite/website/api/user/users.controller.js
FN:7,handleError
FN:12,(anonymous_2)
FN:13,(anonymous_3)
FN:22,(anonymous_4)
FN:32,(anonymous_5)
FN:42,(anonymous_6)
FN:46,(anonymous_7)
FN:53,(anonymous_8)
FN:77,(anonymous_9)
FN:79,(anonymous_10)
FNF:10
FNH:5
FNDA:0,handleError
FNDA:0,(anonymous_2)
FNDA:0,(anonymous_3)
FNDA:2,(anonymous_4)
FNDA:2,(anonymous_5)
FNDA:3,(anonymous_6)
FNDA:3,(anonymous_7)
FNDA:2,(anonymous_8)
FNDA:0,(anonymous_9)
FNDA:0,(anonymous_10)
DA:1,1
DA:2,1
DA:3,1
DA:7,1
DA:8,0
DA:12,1
DA:13,0
DA:14,0
DA:15,0
DA:17,0
DA:22,1
DA:23,2
DA:24,0
DA:26,2
DA:32,2
DA:33,2
DA:34,0
DA:36,2
DA:42,1
DA:44,3
DA:47,3
DA:49,3
DA:50,1
DA:53,2
DA:54,2
DA:56,1
DA:58,1
DA:59,1
DA:60,0
DA:62,1
DA:65,1
DA:77,1
DA:78,0
DA:79,0
DA:80,0
DA:81,0
LF:36
LH:24
BRDA:14,1,0,0
BRDA:14,1,1,0
BRDA:23,2,0,0
BRDA:23,2,1,2
BRDA:23,3,0,2
BRDA:23,3,1,2
BRDA:33,4,0,0
BRDA:33,4,1,2
BRDA:47,5,0,0
BRDA:47,5,1,3
BRDA:49,6,0,1
BRDA:49,6,1,2
BRDA:54,7,0,1
BRDA:54,7,1,1
BRDA:54,8,0,2
BRDA:54,8,1,1
BRDA:59,9,0,0
BRDA:59,9,1,1
BRDA:80,10,0,0
BRDA:80,10,1,0
BRF:20
BRH:12
end_of_record
TN:
SF:/home/steve/Desktop/frontEndWebsite/website/api/user/user.model.js
FN:15,(anonymous_1)
FN:18,(anonymous_2)
FN:22,(anonymous_3)
FN:35,(anonymous_4)
FN:36,(anonymous_5)
FNF:5
FNH:5
FNDA:2,(anonymous_1)
FNDA:2,(anonymous_2)
FNDA:2,(anonymous_3)
FNDA:2,(anonymous_4)
FNDA:2,(anonymous_5)
DA:1,1
DA:2,1
DA:3,1
DA:5,1
DA:7,1
DA:13,1
DA:15,1
DA:16,2
DA:17,2
DA:18,2
DA:19,2
DA:20,0
DA:22,2
DA:23,2
DA:24,0
DA:26,2
DA:27,2
DA:31,0
DA:35,1
DA:36,2
DA:37,2
DA:38,0
DA:40,2
DA:44,1
LF:24
LH:20
BRDA:17,1,0,2
BRDA:17,1,1,0
BRDA:17,2,0,2
BRDA:17,2,1,0
BRDA:19,3,0,0
BRDA:19,3,1,2
BRDA:23,4,0,0
BRDA:23,4,1,2
BRDA:37,5,0,0
BRDA:37,5,1,2
BRF:10
BRH:5
end_of_record
TN:
SF:/home/steve/Desktop/frontEndWebsite/website/config/database.js
FNF:0
FNH:0
DA:1,1
LF:1
LH:1
BRF:0
BRH:0
end_of_record
TN:
SF:/home/steve/Desktop/frontEndWebsite/website/api/event/events.controller.js
FN:9,handleError
FN:14,(anonymous_2)
FN:19,(anonymous_3)
FN:21,(anonymous_4)
FN:25,(anonymous_5)
FN:26,(anonymous_6)
FN:46,(anonymous_7)
FN:66,(anonymous_8)
FN:83,(anonymous_9)
FN:91,(anonymous_10)
FN:96,(anonymous_11)
FN:98,(anonymous_12)
FN:112,(anonymous_13)
FN:113,(anonymous_14)
FN:122,(anonymous_15)
FN:135,(anonymous_16)
FN:144,(anonymous_17)
FN:147,(anonymous_18)
FN:159,(anonymous_19)
FN:164,(anonymous_20)
FN:176,(anonymous_21)
FN:180,(anonymous_22)
FN:191,(anonymous_23)
FN:195,(anonymous_24)
FN:203,(anonymous_25)
FN:208,(anonymous_26)
FNF:26
FNH:20
FNDA:1,handleError
FNDA:3,(anonymous_2)
FNDA:2,(anonymous_3)
FNDA:3,(anonymous_4)
FNDA:0,(anonymous_5)
FNDA:0,(anonymous_6)
FNDA:3,(anonymous_7)
FNDA:2,(anonymous_8)
FNDA:3,(anonymous_9)
FNDA:3,(anonymous_10)
FNDA:5,(anonymous_11)
FNDA:4,(anonymous_12)
FNDA:0,(anonymous_13)
FNDA:0,(anonymous_14)
FNDA:3,(anonymous_15)
FNDA:1,(anonymous_16)
FNDA:2,(anonymous_17)
FNDA:2,(anonymous_18)
FNDA:3,(anonymous_19)
FNDA:2,(anonymous_20)
FNDA:3,(anonymous_21)
FNDA:2,(anonymous_22)
FNDA:0,(anonymous_23)
FNDA:0,(anonymous_24)
FNDA:2,(anonymous_25)
FNDA:1,(anonymous_26)
DA:1,1
DA:2,1
DA:3,1
DA:4,1
DA:6,1
DA:9,1
DA:10,1
DA:14,1
DA:15,3
DA:17,3
DA:19,2
DA:20,2
DA:21,2
DA:22,3
DA:23,3
DA:25,0
DA:26,0
DA:27,0
DA:28,0
DA:32,0
DA:33,0
DA:38,2
DA:39,0
DA:41,2
DA:46,1
DA:47,3
DA:48,3
DA:50,2
DA:66,2
DA:67,2
DA:68,1
DA:70,1
DA:83,1
DA:85,3
DA:87,3
DA:89,3
DA:91,3
DA:92,3
DA:93,0
DA:96,3
DA:98,5
DA:99,4
DA:100,1
DA:103,5
DA:104,2
DA:107,3
DA:112,1
DA:113,0
DA:114,0
DA:115,0
DA:122,1
DA:123,3
DA:125,3
DA:127,1
DA:134,1
DA:136,1
DA:137,0
DA:139,1
DA:144,1
DA:145,2
DA:148,2
DA:149,2
DA:150,1
DA:152,1
DA:159,1
DA:160,3
DA:161,3
DA:163,2
DA:165,2
DA:166,0
DA:168,2
DA:169,1
DA:171,1
DA:176,1
DA:177,3
DA:178,3
DA:179,2
DA:181,2
DA:182,0
DA:184,2
DA:185,1
DA:187,1
DA:191,1
DA:192,0
DA:193,0
DA:194,0
DA:196,0
DA:197,0
DA:199,0
DA:203,1
DA:204,2
DA:205,2
DA:207,1
DA:209,1
DA:210,0
DA:212,1
LF:96
LH:75
BRDA:22,1,0,3
BRDA:22,1,1,0
BRDA:27,2,0,0
BRDA:27,2,1,0
BRDA:32,3,0,0
BRDA:32,3,1,0
BRDA:38,4,0,0
BRDA:38,4,1,2
BRDA:67,5,0,1
BRDA:67,5,1,1
BRDA:92,6,0,0
BRDA:92,6,1,3
BRDA:99,7,0,1
BRDA:99,7,1,3
BRDA:103,8,0,2
BRDA:103,8,1,3
BRDA:114,9,0,0
BRDA:114,9,1,0
BRDA:136,10,0,0
BRDA:136,10,1,1
BRDA:148,11,0,0
BRDA:148,11,1,2
BRDA:149,12,0,1
BRDA:149,12,1,1
BRDA:165,13,0,0
BRDA:165,13,1,2
BRDA:168,14,0,1
BRDA:168,14,1,1
BRDA:181,15,0,0
BRDA:181,15,1,2
BRDA:184,16,0,1
BRDA:184,16,1,1
BRDA:196,17,0,0
BRDA:196,17,1,0
BRDA:209,18,0,0
BRDA:209,18,1,1
BRF:36
BRH:20
end_of_record
TN:
SF:/home/steve/Desktop/frontEndWebsite/website/api/event/event.model.js
FNF:0
FNH:0
DA:1,1
DA:2,1
DA:3,1
DA:5,1
DA:12,1
DA:27,1
LF:6
LH:6
BRF:0
BRH:0
end_of_record
TN:
SF:/home/steve/Desktop/frontEndWebsite/website/api/picture/picture.model.js
FNF:0
FNH:0
DA:1,1
DA:2,1
DA:4,1
DA:6,1
DA:10,1
DA:21,1
LF:6
LH:6
BRF:0
BRH:0
end_of_record
TN:
SF:/home/steve/Desktop/frontEndWebsite/website/api/picture/pictures.controller.js
FN:5,handleError
FN:10,(anonymous_2)
FN:14,(anonymous_3)
FN:22,(anonymous_4)
FN:25,(anonymous_5)
FN:38,(anonymous_6)
FN:39,(anonymous_7)
FN:46,(anonymous_8)
FN:57,(anonymous_9)
FN:61,(anonymous_10)
FN:76,(anonymous_11)
FN:79,(anonymous_12)
FNF:12
FNH:10
FNDA:3,handleError
FNDA:2,(anonymous_2)
FNDA:1,(anonymous_3)
FNDA:3,(anonymous_4)
FNDA:2,(anonymous_5)
FNDA:0,(anonymous_6)
FNDA:0,(anonymous_7)
FNDA:4,(anonymous_8)
FNDA:2,(anonymous_9)
FNDA:1,(anonymous_10)
FNDA:3,(anonymous_11)
FNDA:2,(anonymous_12)
DA:1,1
DA:2,1
DA:3,1
DA:5,1
DA:6,3
DA:10,1
DA:12,2
DA:13,2
DA:14,1
DA:15,1
DA:16,0
DA:18,1
DA:22,1
DA:23,3
DA:24,3
DA:25,2
DA:26,2
DA:27,0
DA:28,2
DA:29,1
DA:32,1
DA:38,1
DA:39,0
DA:40,0
DA:41,0
DA:46,1
DA:48,4
DA:49,4
DA:50,2
DA:52,0
DA:57,2
DA:58,2
DA:59,1
DA:61,1
DA:62,1
DA:63,0
DA:66,1
DA:76,1
DA:77,3
DA:78,3
DA:79,2
DA:80,2
DA:81,0
DA:82,2
DA:83,1
DA:85,1
DA:86,0
DA:88,1
LF:48
LH:39
BRDA:15,1,0,0
BRDA:15,1,1,1
BRDA:26,2,0,0
BRDA:26,2,1,2
BRDA:28,3,0,1
BRDA:28,3,1,1
BRDA:40,4,0,0
BRDA:40,4,1,0
BRDA:50,5,0,0
BRDA:50,5,1,2
BRDA:58,6,0,1
BRDA:58,6,1,1
BRDA:62,7,0,0
BRDA:62,7,1,1
BRDA:80,8,0,0
BRDA:80,8,1,2
BRDA:82,9,0,1
BRDA:82,9,1,1
BRDA:85,10,0,0
BRDA:85,10,1,1
BRF:20
BRH:12
end_of_record
TN:
SF:/home/steve/Desktop/frontEndWebsite/website/routes.js
FN:1,(anonymous_1)
FN:11,(anonymous_2)
FNF:2
FNH:1
FNDA:1,(anonymous_1)
FNDA:0,(anonymous_2)
DA:1,1
DA:3,1
DA:4,1
DA:5,1
DA:6,1
DA:10,1
DA:12,0
LF:7
LH:6
BRF:0
BRH:0
end_of_record
TN:
SF:/home/steve/Desktop/frontEndWebsite/website/api/user/index.js
FNF:0
FNH:0
DA:1,1
DA:2,1
DA:4,1
DA:6,1
DA:7,1
DA:9,1
DA:10,1
DA:14,1
LF:8
LH:8
BRF:0
BRH:0
end_of_record
TN:
SF:/home/steve/Desktop/frontEndWebsite/website/api/mobile/index.js
FNF:0
FNH:0
DA:1,1
DA:2,1
DA:4,1
DA:6,1
DA:8,1
LF:5
LH:5
BRF:0
BRH:0
end_of_record
TN:
SF:/home/steve/Desktop/frontEndWebsite/website/api/mobile/mobile.controller.js
FN:6,handleError
FN:11,(anonymous_2)
FN:12,(anonymous_3)
FNF:3
FNH:0
FNDA:0,handleError
FNDA:0,(anonymous_2)
FNDA:0,(anonymous_3)
DA:1,1
DA:2,1
DA:3,1
DA:6,1
DA:7,0
DA:11,1
DA:12,0
DA:13,0
DA:14,0
DA:15,0
LF:10
LH:5
BRDA:13,1,0,0
BRDA:13,1,1,0
BRF:2
BRH:0
end_of_record
TN:
SF:/home/steve/Desktop/frontEndWebsite/website/api/event/index.js
FNF:0
FNH:0
DA:1,1
DA:2,1
DA:4,1
DA:6,1
DA:7,1
DA:8,1
DA:9,1
DA:10,1
DA:11,1
DA:12,1
DA:13,1
DA:14,1
DA:15,1
DA:16,1
DA:21,1
LF:15
LH:15
BRF:0
BRH:0
end_of_record
TN:
SF:/home/steve/Desktop/frontEndWebsite/website/api/picture/index.js
FNF:0
FNH:0
DA:1,1
DA:2,1
DA:4,1
DA:6,1
DA:7,1
DA:8,1
DA:9,1
DA:10,1
DA:13,1
LF:9
LH:9
BRF:0
BRH:0
end_of_record
